#
# There is insufficient memory for the Java Runtime Environment to continue.
# Native memory allocation (malloc) failed to allocate 672176 bytes for Chunk::new
# Possible reasons:
#   The system is out of physical RAM or swap space
#   The process is running with CompressedOops enabled, and the Java Heap may be blocking the growth of the native heap
# Possible solutions:
#   Reduce memory load on the system
#   Increase physical memory or swap space
#   Check if swap backing store is full
#   Decrease Java heap size (-Xmx/-Xms)
#   Decrease number of Java threads
#   Decrease Java thread stack sizes (-Xss)
#   Set larger code cache with -XX:ReservedCodeCacheSize=
#   JVM is running with Zero Based Compressed Oops mode in which the Java heap is
#     placed in the first 32GB address space. The Java Heap base address is the
#     maximum limit for the native heap growth. Please use -XX:HeapBaseMinAddress
#     to set the Java Heap base and to place the Java Heap above 32GB virtual address.
# This output file may be truncated or incomplete.
#
#  Out of Memory Error (allocation.cpp:390), pid=20280, tid=0x0000000000000b8c
#
# JRE version: Java(TM) SE Runtime Environment (8.0_201-b09) (build 1.8.0_201-b09)
# Java VM: Java HotSpot(TM) 64-Bit Server VM (25.201-b09 mixed mode windows-amd64 compressed oops)
# Failed to write core dump. Minidumps are not enabled by default on client versions of Windows
#

---------------  T H R E A D  ---------------

Current thread (0x000000001fcd1000):  JavaThread "C2 CompilerThread1" daemon [_thread_in_native, id=2956, stack(0x000000001ff70000,0x0000000020070000)]

Stack: [0x000000001ff70000,0x0000000020070000]
[error occurred during error reporting (printing stack bounds), id 0xc0000005]

Native frames: (J=compiled Java code, j=interpreted, Vv=VM code, C=native code)


Current CompileTask:
C2:   3703 3399       4       java.lang.invoke.MethodType::makeImpl (66 bytes)


---------------  P R O C E S S  ---------------

Java Threads: ( => current thread )
  0x0000000024b96000 JavaThread "http-nio-8888-exec-10" daemon [_thread_blocked, id=2100, stack(0x00000000273f0000,0x00000000274f0000)]
  0x0000000024b93000 JavaThread "http-nio-8888-exec-9" daemon [_thread_blocked, id=21920, stack(0x00000000272f0000,0x00000000273f0000)]
  0x0000000024b94800 JavaThread "http-nio-8888-exec-8" daemon [_thread_blocked, id=9496, stack(0x00000000271f0000,0x00000000272f0000)]
  0x0000000024b94000 JavaThread "http-nio-8888-exec-7" daemon [_thread_blocked, id=21856, stack(0x00000000270f0000,0x00000000271f0000)]
  0x0000000024b95800 JavaThread "http-nio-8888-exec-6" daemon [_thread_blocked, id=20220, stack(0x0000000026ff0000,0x00000000270f0000)]
  0x000000001eebe000 JavaThread "http-nio-8888-exec-5" daemon [_thread_blocked, id=2632, stack(0x0000000026ef0000,0x0000000026ff0000)]
  0x000000001eeba800 JavaThread "http-nio-8888-exec-4" daemon [_thread_blocked, id=20176, stack(0x0000000026df0000,0x0000000026ef0000)]
  0x000000001eeb9000 JavaThread "http-nio-8888-exec-3" daemon [_thread_blocked, id=16264, stack(0x0000000026cf0000,0x0000000026df0000)]
  0x000000001eeb8000 JavaThread "http-nio-8888-exec-2" daemon [_thread_blocked, id=12988, stack(0x0000000026bf0000,0x0000000026cf0000)]
  0x000000001eeb7800 JavaThread "http-nio-8888-exec-1" daemon [_thread_blocked, id=22276, stack(0x0000000026af0000,0x0000000026bf0000)]
  0x000000001eebc800 JavaThread "I/O dispatcher 8" [_thread_in_native, id=2492, stack(0x00000000269f0000,0x0000000026af0000)]
  0x000000001eebb000 JavaThread "I/O dispatcher 7" [_thread_in_native, id=19868, stack(0x00000000267f0000,0x00000000268f0000)]
  0x000000001eebd800 JavaThread "I/O dispatcher 6" [_thread_in_native, id=16756, stack(0x00000000266f0000,0x00000000267f0000)]
  0x000000001eebc000 JavaThread "I/O dispatcher 5" [_thread_in_native, id=21832, stack(0x00000000265f0000,0x00000000266f0000)]
  0x000000001f816800 JavaThread "I/O dispatcher 4" [_thread_in_native, id=19196, stack(0x00000000264f0000,0x00000000265f0000)]
  0x000000001f816000 JavaThread "I/O dispatcher 3" [_thread_in_native, id=15652, stack(0x00000000263f0000,0x00000000264f0000)]
  0x000000001eeee800 JavaThread "I/O dispatcher 2" [_thread_in_native, id=12588, stack(0x00000000262f0000,0x00000000263f0000)]
  0x000000001eeee000 JavaThread "I/O dispatcher 1" [_thread_in_native, id=3744, stack(0x00000000261f0000,0x00000000262f0000)]
  0x00000000220b3800 JavaThread "pool-1-thread-1" [_thread_in_native, id=15560, stack(0x0000000022900000,0x0000000022a00000)]
  0x0000000021e90000 JavaThread "container-0" [_thread_blocked, id=8036, stack(0x0000000025af0000,0x0000000025bf0000)]
  0x00000000241cc800 JavaThread "Catalina-utility-2" [_thread_blocked, id=20092, stack(0x00000000259f0000,0x0000000025af0000)]
  0x0000000023539000 JavaThread "Catalina-utility-1" [_thread_blocked, id=21032, stack(0x0000000024860000,0x0000000024960000)]
  0x0000000020298800 JavaThread "Service Thread" daemon [_thread_blocked, id=8632, stack(0x0000000021240000,0x0000000021340000)]
  0x000000001fcda000 JavaThread "C1 CompilerThread3" daemon [_thread_blocked, id=22452, stack(0x0000000020170000,0x0000000020270000)]
  0x000000001fcd4000 JavaThread "C2 CompilerThread2" daemon [_thread_in_native, id=16312, stack(0x0000000020070000,0x0000000020170000)]
=>0x000000001fcd1000 JavaThread "C2 CompilerThread1" daemon [_thread_in_native, id=2956, stack(0x000000001ff70000,0x0000000020070000)]
  0x000000001fcd0800 JavaThread "C2 CompilerThread0" daemon [_thread_in_native, id=18808, stack(0x000000001fe70000,0x000000001ff70000)]
  0x000000001fc5c800 JavaThread "Monitor Ctrl-Break" daemon [_thread_in_native, id=3568, stack(0x000000001fd70000,0x000000001fe70000)]
  0x000000001edab800 JavaThread "Attach Listener" daemon [_thread_blocked, id=16836, stack(0x000000001f470000,0x000000001f570000)]
  0x000000001ed55000 JavaThread "Signal Dispatcher" daemon [_thread_blocked, id=9392, stack(0x000000001f370000,0x000000001f470000)]
  0x000000001cf36800 JavaThread "Finalizer" daemon [_thread_blocked, id=7332, stack(0x000000001f210000,0x000000001f310000)]
  0x000000001ed30800 JavaThread "Reference Handler" daemon [_thread_blocked, id=13808, stack(0x000000001f110000,0x000000001f210000)]
  0x0000000003259800 JavaThread "main" [_thread_in_vm, id=17876, stack(0x0000000003150000,0x0000000003250000)]

Other Threads:
  0x000000001cf29000 VMThread [stack: 0x000000001ec10000,0x000000001ed10000] [id=16216]
  0x000000001fcff000 WatcherThread [stack: 0x0000000021340000,0x0000000021440000] [id=4876]

VM state:not at safepoint (normal execution)

VM Mutex/Monitor currently owned by a thread: None

heap address: 0x00000006c1600000, size: 4074 MB, Compressed Oops mode: Zero based, Oop shift amount: 3
Narrow klass base: 0x0000000000000000, Narrow klass shift: 3
Compressed class space size: 1073741824 Address: 0x00000007c0000000

Heap:
 PSYoungGen      total 160768K, used 37097K [0x000000076b200000, 0x0000000779700000, 0x00000007c0000000)
  eden space 147968K, 25% used [0x000000076b200000,0x000000076d63a5f8,0x0000000774280000)
  from space 12800K, 0% used [0x0000000774e80000,0x0000000774e80000,0x0000000775b00000)
  to   space 12288K, 0% used [0x0000000774280000,0x0000000774280000,0x0000000774e80000)
 ParOldGen       total 102912K, used 13985K [0x00000006c1600000, 0x00000006c7a80000, 0x000000076b200000)
  object space 102912K, 13% used [0x00000006c1600000,0x00000006c23a8768,0x00000006c7a80000)
 Metaspace       used 34590K, capacity 36970K, committed 37208K, reserved 1081344K
  class space    used 4454K, capacity 4869K, committed 4952K, reserved 1048576K

Card table byte_map: [0x00000000128a0000,0x00000000130a0000] byte_map_base: 0x000000000f295000

Marking Bits: (ParMarkBitMap*) 0x000000006bdc4ce0
 Begin Bits: [0x0000000013df0000, 0x0000000017d98000)
 End Bits:   [0x0000000017d98000, 0x000000001bd40000)

Polling page: 0x0000000001420000

CodeCache: size=245760Kb used=12466Kb max_used=12466Kb free=233293Kb
 bounds [0x00000000034e0000, 0x0000000004120000, 0x00000000124e0000]
 total_blobs=3870 nmethods=3448 adapters=334
 compilation: enabled

Compilation events (10 events):
Event: 3.693 Thread 0x000000001fcda000 3439       3       java.lang.Class$MethodArray::removeByNameAndDescriptor (42 bytes)
Event: 3.694 Thread 0x000000001fcda000 nmethod 3439 0x000000000410c8d0 code [0x000000000410ca60, 0x000000000410cd98]
Event: 3.695 Thread 0x000000001fcda000 3445       3       sun.invoke.util.Wrapper::isDoubleWord (15 bytes)
Event: 3.695 Thread 0x000000001fcda000 nmethod 3445 0x000000000410c550 code [0x000000000410c6a0, 0x000000000410c850]
Event: 3.696 Thread 0x000000001fcda000 3450       1       org.apache.catalina.LifecycleState::getLifecycleEvent (5 bytes)
Event: 3.696 Thread 0x000000001fcda000 nmethod 3450 0x0000000004110150 code [0x00000000041102a0, 0x00000000041103b0]
Event: 3.698 Thread 0x000000001fcda000 3451       3       java.util.Hashtable::<init> (114 bytes)
Event: 3.698 Thread 0x000000001fcda000 nmethod 3451 0x0000000004110410 code [0x0000000004110700, 0x0000000004111b38]
Event: 3.698 Thread 0x000000001fcda000 3452       3       java.util.Dictionary::<init> (5 bytes)
Event: 3.699 Thread 0x000000001fcda000 nmethod 3452 0x00000000041124d0 code [0x0000000004112640, 0x00000000041127f0]

GC Heap History (10 events):
Event: 1.786 GC heap before
{Heap before GC invocations=4 (full 1):
 PSYoungGen      total 76288K, used 8248K [0x000000076b200000, 0x0000000774700000, 0x00000007c0000000)
  eden space 65536K, 0% used [0x000000076b200000,0x000000076b200000,0x000000076f200000)
  from space 10752K, 76% used [0x000000076f200000,0x000000076fa0e0e8,0x000000076fc80000)
  to   space 10752K, 0% used [0x0000000773c80000,0x0000000773c80000,0x0000000774700000)
 ParOldGen       total 175104K, used 40K [0x00000006c1600000, 0x00000006cc100000, 0x000000076b200000)
  object space 175104K, 0% used [0x00000006c1600000,0x00000006c160a000,0x00000006cc100000)
 Metaspace       used 20276K, capacity 21180K, committed 21248K, reserved 1067008K
  class space    used 2533K, capacity 2756K, committed 2816K, reserved 1048576K
Event: 1.807 GC heap after
Heap after GC invocations=4 (full 1):
 PSYoungGen      total 76288K, used 0K [0x000000076b200000, 0x0000000774700000, 0x00000007c0000000)
  eden space 65536K, 0% used [0x000000076b200000,0x000000076b200000,0x000000076f200000)
  from space 10752K, 0% used [0x000000076f200000,0x000000076f200000,0x000000076fc80000)
  to   space 10752K, 0% used [0x0000000773c80000,0x0000000773c80000,0x0000000774700000)
 ParOldGen       total 102912K, used 8027K [0x00000006c1600000, 0x00000006c7a80000, 0x000000076b200000)
  object space 102912K, 7% used [0x00000006c1600000,0x00000006c1dd6c20,0x00000006c7a80000)
 Metaspace       used 20276K, capacity 21180K, committed 21248K, reserved 1067008K
  class space    used 2533K, capacity 2756K, committed 2816K, reserved 1048576K
}
Event: 2.524 GC heap before
{Heap before GC invocations=5 (full 1):
 PSYoungGen      total 76288K, used 65536K [0x000000076b200000, 0x0000000774700000, 0x00000007c0000000)
  eden space 65536K, 100% used [0x000000076b200000,0x000000076f200000,0x000000076f200000)
  from space 10752K, 0% used [0x000000076f200000,0x000000076f200000,0x000000076fc80000)
  to   space 10752K, 0% used [0x0000000773c80000,0x0000000773c80000,0x0000000774700000)
 ParOldGen       total 102912K, used 8027K [0x00000006c1600000, 0x00000006c7a80000, 0x000000076b200000)
  object space 102912K, 7% used [0x00000006c1600000,0x00000006c1dd6c20,0x00000006c7a80000)
 Metaspace       used 25396K, capacity 27044K, committed 27136K, reserved 1073152K
  class space    used 3257K, capacity 3582K, committed 3584K, reserved 1048576K
Event: 2.528 GC heap after
Heap after GC invocations=5 (full 1):
 PSYoungGen      total 105984K, used 6600K [0x000000076b200000, 0x0000000774300000, 0x00000007c0000000)
  eden space 99328K, 0% used [0x000000076b200000,0x000000076b200000,0x0000000771300000)
  from space 6656K, 99% used [0x0000000773c80000,0x00000007742f23f8,0x0000000774300000)
  to   space 10752K, 0% used [0x0000000772e00000,0x0000000772e00000,0x0000000773880000)
 ParOldGen       total 102912K, used 8035K [0x00000006c1600000, 0x00000006c7a80000, 0x000000076b200000)
  object space 102912K, 7% used [0x00000006c1600000,0x00000006c1dd8c20,0x00000006c7a80000)
 Metaspace       used 25396K, capacity 27044K, committed 27136K, reserved 1073152K
  class space    used 3257K, capacity 3582K, committed 3584K, reserved 1048576K
}
Event: 3.458 GC heap before
{Heap before GC invocations=6 (full 1):
 PSYoungGen      total 105984K, used 105928K [0x000000076b200000, 0x0000000774300000, 0x00000007c0000000)
  eden space 99328K, 100% used [0x000000076b200000,0x0000000771300000,0x0000000771300000)
  from space 6656K, 99% used [0x0000000773c80000,0x00000007742f23f8,0x0000000774300000)
  to   space 10752K, 0% used [0x0000000772e00000,0x0000000772e00000,0x0000000773880000)
 ParOldGen       total 102912K, used 8035K [0x00000006c1600000, 0x00000006c7a80000, 0x000000076b200000)
  object space 102912K, 7% used [0x00000006c1600000,0x00000006c1dd8c20,0x00000006c7a80000)
 Metaspace       used 32602K, capacity 34728K, committed 34816K, reserved 1079296K
  class space    used 4139K, capacity 4526K, committed 4608K, reserved 1048576K
Event: 3.463 GC heap after
Heap after GC invocations=6 (full 1):
 PSYoungGen      total 137728K, used 10736K [0x000000076b200000, 0x0000000775b00000, 0x00000007c0000000)
  eden space 126976K, 0% used [0x000000076b200000,0x000000076b200000,0x0000000772e00000)
  from space 10752K, 99% used [0x0000000772e00000,0x000000077387c068,0x0000000773880000)
  to   space 12800K, 0% used [0x0000000774e80000,0x0000000774e80000,0x0000000775b00000)
 ParOldGen       total 102912K, used 8862K [0x00000006c1600000, 0x00000006c7a80000, 0x000000076b200000)
  object space 102912K, 8% used [0x00000006c1600000,0x00000006c1ea7a08,0x00000006c7a80000)
 Metaspace       used 32602K, capacity 34728K, committed 34816K, reserved 1079296K
  class space    used 4139K, capacity 4526K, committed 4608K, reserved 1048576K
}
Event: 3.536 GC heap before
{Heap before GC invocations=7 (full 1):
 PSYoungGen      total 137728K, used 24713K [0x000000076b200000, 0x0000000775b00000, 0x00000007c0000000)
  eden space 126976K, 11% used [0x000000076b200000,0x000000076bfa6640,0x0000000772e00000)
  from space 10752K, 99% used [0x0000000772e00000,0x000000077387c068,0x0000000773880000)
  to   space 12800K, 0% used [0x0000000774e80000,0x0000000774e80000,0x0000000775b00000)
 ParOldGen       total 102912K, used 8862K [0x00000006c1600000, 0x00000006c7a80000, 0x000000076b200000)
  object space 102912K, 8% used [0x00000006c1600000,0x00000006c1ea7a08,0x00000006c7a80000)
 Metaspace       used 33190K, capacity 35326K, committed 35416K, reserved 1079296K
  class space    used 4217K, capacity 4631K, committed 4696K, reserved 1048576K
Event: 3.540 GC heap after
Heap after GC invocations=7 (full 1):
 PSYoungGen      total 160768K, used 8510K [0x000000076b200000, 0x0000000779700000, 0x00000007c0000000)
  eden space 147968K, 0% used [0x000000076b200000,0x000000076b200000,0x0000000774280000)
  from space 12800K, 66% used [0x0000000774e80000,0x00000007756cf980,0x0000000775b00000)
  to   space 12288K, 0% used [0x0000000774280000,0x0000000774280000,0x0000000774e80000)
 ParOldGen       total 102912K, used 8870K [0x00000006c1600000, 0x00000006c7a80000, 0x000000076b200000)
  object space 102912K, 8% used [0x00000006c1600000,0x00000006c1ea9a08,0x00000006c7a80000)
 Metaspace       used 33190K, capacity 35326K, committed 35416K, reserved 1079296K
  class space    used 4217K, capacity 4631K, committed 4696K, reserved 1048576K
}
Event: 3.540 GC heap before
{Heap before GC invocations=8 (full 2):
 PSYoungGen      total 160768K, used 8510K [0x000000076b200000, 0x0000000779700000, 0x00000007c0000000)
  eden space 147968K, 0% used [0x000000076b200000,0x000000076b200000,0x0000000774280000)
  from space 12800K, 66% used [0x0000000774e80000,0x00000007756cf980,0x0000000775b00000)
  to   space 12288K, 0% used [0x0000000774280000,0x0000000774280000,0x0000000774e80000)
 ParOldGen       total 102912K, used 8870K [0x00000006c1600000, 0x00000006c7a80000, 0x000000076b200000)
  object space 102912K, 8% used [0x00000006c1600000,0x00000006c1ea9a08,0x00000006c7a80000)
 Metaspace       used 33190K, capacity 35326K, committed 35416K, reserved 1079296K
  class space    used 4217K, capacity 4631K, committed 4696K, reserved 1048576K
Event: 3.578 GC heap after
Heap after GC invocations=8 (full 2):
 PSYoungGen      total 160768K, used 0K [0x000000076b200000, 0x0000000779700000, 0x00000007c0000000)
  eden space 147968K, 0% used [0x000000076b200000,0x000000076b200000,0x0000000774280000)
  from space 12800K, 0% used [0x0000000774e80000,0x0000000774e80000,0x0000000775b00000)
  to   space 12288K, 0% used [0x0000000774280000,0x0000000774280000,0x0000000774e80000)
 ParOldGen       total 102912K, used 13985K [0x00000006c1600000, 0x00000006c7a80000, 0x000000076b200000)
  object space 102912K, 13% used [0x00000006c1600000,0x00000006c23a8768,0x00000006c7a80000)
 Metaspace       used 33190K, capacity 35326K, committed 35416K, reserved 1079296K
  class space    used 4217K, capacity 4631K, committed 4696K, reserved 1048576K
}

Deoptimization events (10 events):
Event: 3.443 Thread 0x0000000003259800 Uncommon trap: reason=class_check action=maybe_recompile pc=0x000000000374e6c4 method=java.util.jar.JarFile.getJarEntry(Ljava/lang/String;)Ljava/util/jar/JarEntry; @ 2
Event: 3.443 Thread 0x0000000003259800 Uncommon trap: reason=class_check action=maybe_recompile pc=0x000000000374e6c4 method=java.util.jar.JarFile.getJarEntry(Ljava/lang/String;)Ljava/util/jar/JarEntry; @ 2
Event: 3.443 Thread 0x0000000003259800 Uncommon trap: reason=class_check action=maybe_recompile pc=0x000000000374e6c4 method=java.util.jar.JarFile.getJarEntry(Ljava/lang/String;)Ljava/util/jar/JarEntry; @ 2
Event: 3.446 Thread 0x0000000003259800 Uncommon trap: reason=class_check action=maybe_recompile pc=0x0000000003d64134 method=java.util.Properties$LineReader.readLine()I @ 62
Event: 3.446 Thread 0x0000000003259800 Uncommon trap: reason=unstable_if action=reinterpret pc=0x0000000003d86678 method=java.util.Properties.load0(Ljava/util/Properties$LineReader;)V @ 33
Event: 3.446 Thread 0x0000000003259800 Uncommon trap: reason=class_check action=maybe_recompile pc=0x0000000003d64154 method=java.util.Properties$LineReader.readLine()I @ 410
Event: 3.446 Thread 0x0000000003259800 Uncommon trap: reason=class_check action=maybe_recompile pc=0x0000000003d64134 method=java.util.Properties$LineReader.readLine()I @ 62
Event: 3.518 Thread 0x0000000003259800 Uncommon trap: reason=unstable_if action=reinterpret pc=0x0000000003cecd6c method=java.util.concurrent.ConcurrentHashMap.putVal(Ljava/lang/Object;Ljava/lang/Object;Z)Ljava/lang/Object; @ 195
Event: 3.520 Thread 0x0000000003259800 Uncommon trap: reason=unstable_if action=reinterpret pc=0x0000000003a36a08 method=java.util.concurrent.ConcurrentHashMap.transfer([Ljava/util/concurrent/ConcurrentHashMap$Node;[Ljava/util/concurrent/ConcurrentHashMap$Node;)V @ 356
Event: 3.633 Thread 0x0000000003259800 Uncommon trap: reason=unstable_if action=reinterpret pc=0x0000000003f38564 method=java.lang.Class.arrayContentsEq([Ljava/lang/Object;[Ljava/lang/Object;)Z @ 1

Classes redefined (0 events):
No events

Internal exceptions (10 events):
Event: 2.888 Thread 0x0000000003259800 Exception <a 'java/lang/ClassNotFoundException': org/springframework/web/context/ServletContextAwareCustomizer> (0x000000076eb0ea90) thrown at [C:\re\workspace\8-2-build-windows-amd64-cygwin\jdk8u201\12322\hotspot\src\share\vm\classfile\systemDictionary.c
Event: 2.889 Thread 0x0000000003259800 Exception <a 'java/lang/ClassNotFoundException': org/springframework/beans/factory/AwareCustomizer> (0x000000076eb3eec0) thrown at [C:\re\workspace\8-2-build-windows-amd64-cygwin\jdk8u201\12322\hotspot\src\share\vm\classfile\systemDictionary.cpp, line 210
Event: 2.889 Thread 0x0000000003259800 Implicit null exception at 0x0000000003db2ccc to 0x0000000003db2e59
Event: 3.057 Thread 0x0000000003259800 Exception <a 'java/lang/NoSuchMethodError': java.lang.Object.lambda$thenComparing$36697e65$1(Ljava/util/Comparator;Ljava/lang/Object;Ljava/lang/Object;)I> (0x000000076ff47b70) thrown at [C:\re\workspace\8-2-build-windows-amd64-cygwin\jdk8u201\12322\hotspo
Event: 3.074 Thread 0x0000000003259800 Exception <a 'java/lang/IncompatibleClassChangeError': Found class java.lang.Object, but interface was expected> (0x00000007700c5e68) thrown at [C:\re\workspace\8-2-build-windows-amd64-cygwin\jdk8u201\12322\hotspot\src\share\vm\interpreter\linkResolver.cp
Event: 3.186 Thread 0x0000000003259800 Exception <a 'java/lang/NoSuchMethodError': java.lang.Object.$anonfun$releaseVersion$1$adapted(Ljava/lang/String;)Ljava/lang/Object;> (0x0000000770bff618) thrown at [C:\re\workspace\8-2-build-windows-amd64-cygwin\jdk8u201\12322\hotspot\src\share\vm\interp
Event: 3.188 Thread 0x0000000003259800 Exception <a 'java/lang/NoSuchMethodError': java.lang.Object.$anonfun$releaseVersion$2(Ljava/lang/String;)Ljava/lang/String;> (0x0000000770c3cc68) thrown at [C:\re\workspace\8-2-build-windows-amd64-cygwin\jdk8u201\12322\hotspot\src\share\vm\interpreter\li
Event: 3.190 Thread 0x0000000003259800 Exception <a 'java/lang/NoSuchMethodError': java.lang.Object.$anonfun$developmentVersion$1$adapted(Ljava/lang/String;)Ljava/lang/Object;> (0x0000000770c51758) thrown at [C:\re\workspace\8-2-build-windows-amd64-cygwin\jdk8u201\12322\hotspot\src\share\vm\in
Event: 3.190 Thread 0x0000000003259800 Exception <a 'java/lang/NoSuchMethodError': java.lang.Object.$anonfun$developmentVersion$2(Lscala/util/PropertiesTrait;Ljava/lang/String;)Lscala/Option;> (0x0000000770c558a8) thrown at [C:\re\workspace\8-2-build-windows-amd64-cygwin\jdk8u201\12322\hotspot
Event: 3.633 Thread 0x0000000003259800 Implicit null exception at 0x0000000003f382b7 to 0x0000000003f38539

Events (10 events):
Event: 3.701 loading class java/lang/Thread$State
Event: 3.701 loading class java/lang/Thread$State done
Event: 3.701 Thread 0x000000001eeb7800 Thread added: 0x000000001eeb7800
Event: 3.702 Thread 0x000000001eeb8000 Thread added: 0x000000001eeb8000
Event: 3.702 Thread 0x000000001eeb9000 Thread added: 0x000000001eeb9000
Event: 3.702 Thread 0x000000001eeba800 Thread added: 0x000000001eeba800
Event: 3.702 Thread 0x000000001eebe000 Thread added: 0x000000001eebe000
Event: 3.702 Thread 0x0000000024b95800 Thread added: 0x0000000024b95800
Event: 3.702 Thread 0x0000000024b94000 Thread added: 0x0000000024b94000
Event: 3.702 Thread 0x0000000024b94800 Thread added: 0x0000000024b94800


Dynamic libraries:
0x00007ff782e00000 - 0x00007ff782e37000 	D:\Java\jdk1.8.0_201\bin\java.exe
0x00007ffd2bc30000 - 0x00007ffd2be28000 	C:\WINDOWS\SYSTEM32\ntdll.dll
0x00007ffd2b110000 - 0x00007ffd2b1cf000 	C:\WINDOWS\System32\KERNEL32.DLL
0x00007ffd29870000 - 0x00007ffd29b66000 	C:\WINDOWS\System32\KERNELBASE.dll
0x00007ffd2a210000 - 0x00007ffd2a2bf000 	C:\WINDOWS\System32\ADVAPI32.dll
0x00007ffd2a160000 - 0x00007ffd2a1fe000 	C:\WINDOWS\System32\msvcrt.dll
0x00007ffd2a000000 - 0x00007ffd2a09c000 	C:\WINDOWS\System32\sechost.dll
0x00007ffd2b360000 - 0x00007ffd2b486000 	C:\WINDOWS\System32\RPCRT4.dll
0x00007ffd2aec0000 - 0x00007ffd2b05d000 	C:\WINDOWS\System32\USER32.dll
0x00007ffd29740000 - 0x00007ffd29762000 	C:\WINDOWS\System32\win32u.dll
0x00007ffd2ae90000 - 0x00007ffd2aebc000 	C:\WINDOWS\System32\GDI32.dll
0x00007ffd29430000 - 0x00007ffd29545000 	C:\WINDOWS\System32\gdi32full.dll
0x00007ffd29310000 - 0x00007ffd293ad000 	C:\WINDOWS\System32\msvcp_win.dll
0x00007ffd29770000 - 0x00007ffd29870000 	C:\WINDOWS\System32\ucrtbase.dll
0x00007ffd13690000 - 0x00007ffd1392a000 	C:\WINDOWS\WinSxS\amd64_microsoft.windows.common-controls_6595b64144ccf1df_6.0.19041.1110_none_60b5254171f9507e\COMCTL32.dll
0x00007ffd2bb60000 - 0x00007ffd2bb90000 	C:\WINDOWS\System32\IMM32.DLL
0x000000006ce90000 - 0x000000006cf61000 	D:\Java\jdk1.8.0_201\jre\bin\msvcr100.dll
0x000000006b5a0000 - 0x000000006be44000 	D:\Java\jdk1.8.0_201\jre\bin\server\jvm.dll
0x00007ffd2ae80000 - 0x00007ffd2ae88000 	C:\WINDOWS\System32\PSAPI.DLL
0x00007ffd170a0000 - 0x00007ffd170c7000 	C:\WINDOWS\SYSTEM32\WINMM.dll
0x00007ffd21130000 - 0x00007ffd2113a000 	C:\WINDOWS\SYSTEM32\VERSION.dll
0x00007ffccfe70000 - 0x00007ffccfe79000 	C:\WINDOWS\SYSTEM32\WSOCK32.dll
0x00007ffd2b1e0000 - 0x00007ffd2b24b000 	C:\WINDOWS\System32\WS2_32.dll
0x00007ffd24d60000 - 0x00007ffd24d6f000 	D:\Java\jdk1.8.0_201\jre\bin\verify.dll
0x00007ffd08570000 - 0x00007ffd08599000 	D:\Java\jdk1.8.0_201\jre\bin\java.dll
0x00007ffd08500000 - 0x00007ffd08523000 	D:\Java\jdk1.8.0_201\jre\bin\instrument.dll
0x00007ffd0a210000 - 0x00007ffd0a226000 	D:\Java\jdk1.8.0_201\jre\bin\zip.dll
0x00007ffd2a730000 - 0x00007ffd2ae74000 	C:\WINDOWS\System32\SHELL32.dll
0x00007ffd27390000 - 0x00007ffd27b23000 	C:\WINDOWS\SYSTEM32\windows.storage.dll
0x00007ffd2b760000 - 0x00007ffd2bab4000 	C:\WINDOWS\System32\combase.dll
0x00007ffd28d50000 - 0x00007ffd28d7e000 	C:\WINDOWS\SYSTEM32\Wldp.dll
0x00007ffd2b060000 - 0x00007ffd2b10d000 	C:\WINDOWS\System32\SHCORE.dll
0x00007ffd2a100000 - 0x00007ffd2a155000 	C:\WINDOWS\System32\shlwapi.dll
0x00007ffd29240000 - 0x00007ffd29265000 	C:\WINDOWS\SYSTEM32\profapi.dll
0x00007ffd23ca0000 - 0x00007ffd23cba000 	D:\Java\IntelliJ\IntelliJ IDEA Community Edition 2021.3.3\bin\breakgen64.dll
0x00007ffd08550000 - 0x00007ffd0856a000 	D:\Java\jdk1.8.0_201\jre\bin\net.dll
0x00007ffd1b7a0000 - 0x00007ffd1b98d000 	C:\WINDOWS\SYSTEM32\urlmon.dll
0x00007ffd1beb0000 - 0x00007ffd1c16c000 	C:\WINDOWS\SYSTEM32\iertutil.dll
0x00007ffd1bdd0000 - 0x00007ffd1bdf9000 	C:\WINDOWS\SYSTEM32\srvcli.dll
0x00007ffd28790000 - 0x00007ffd2879c000 	C:\WINDOWS\SYSTEM32\netutils.dll
0x00007ffd28ab0000 - 0x00007ffd28b1a000 	C:\WINDOWS\system32\mswsock.dll
0x00007ffd13de0000 - 0x00007ffd13ded000 	D:\Java\jdk1.8.0_201\jre\bin\management.dll
0x00007ffd11de0000 - 0x00007ffd11df7000 	C:\WINDOWS\system32\napinsp.dll
0x00007ffd11a80000 - 0x00007ffd11a9b000 	C:\WINDOWS\system32\pnrpnsp.dll
0x00007ffd24200000 - 0x00007ffd24215000 	C:\WINDOWS\system32\wshbth.dll
0x00007ffd24950000 - 0x00007ffd2496d000 	C:\WINDOWS\system32\NLAapi.dll
0x00007ffd28730000 - 0x00007ffd2876b000 	C:\WINDOWS\SYSTEM32\IPHLPAPI.DLL
0x00007ffd287a0000 - 0x00007ffd2886a000 	C:\WINDOWS\SYSTEM32\DNSAPI.dll
0x00007ffd2b1d0000 - 0x00007ffd2b1d8000 	C:\WINDOWS\System32\NSI.dll
0x00007ffd11a50000 - 0x00007ffd11a62000 	C:\WINDOWS\System32\winrnr.dll
0x0000000063560000 - 0x0000000063569000 	C:\Program Files\National Instruments\Shared\mDNS Responder\nimdnsNSP.dll
0x0000000063550000 - 0x000000006355e000 	C:\WINDOWS\SYSTEM32\nimdnsResponder.dll
0x000000006d000000 - 0x000000006d0a3000 	C:\WINDOWS\WinSxS\amd64_microsoft.vc90.crt_1fc8b3b9a1e18e3b_9.0.30729.9625_none_08e1c10da83fbc83\MSVCR90.dll
0x00007ffd21af0000 - 0x00007ffd21afa000 	C:\Windows\System32\rasadhlp.dll
0x00007ffd1e6d0000 - 0x00007ffd1e752000 	C:\WINDOWS\System32\fwpuclnt.dll
0x00007ffd293b0000 - 0x00007ffd293d7000 	C:\WINDOWS\System32\bcrypt.dll
0x00007ffd08530000 - 0x00007ffd08541000 	D:\Java\jdk1.8.0_201\jre\bin\nio.dll
0x00007ffd28ca0000 - 0x00007ffd28cb8000 	C:\WINDOWS\SYSTEM32\CRYPTSP.dll
0x00007ffd282f0000 - 0x00007ffd28324000 	C:\WINDOWS\system32\rsaenh.dll
0x00007ffd29200000 - 0x00007ffd2922e000 	C:\WINDOWS\SYSTEM32\USERENV.dll
0x00007ffd29550000 - 0x00007ffd295d2000 	C:\WINDOWS\System32\bcryptprimitives.dll
0x00007ffd28cc0000 - 0x00007ffd28ccc000 	C:\WINDOWS\SYSTEM32\CRYPTBASE.dll
0x00007ffd21200000 - 0x00007ffd21217000 	C:\WINDOWS\SYSTEM32\dhcpcsvc6.DLL
0x00007ffd211e0000 - 0x00007ffd211fd000 	C:\WINDOWS\SYSTEM32\dhcpcsvc.DLL
0x00007ffd10a30000 - 0x00007ffd10a54000 	D:\Java\jdk1.8.0_201\jre\bin\sunec.dll
0x00007ffd20d70000 - 0x00007ffd20d7b000 	D:\Java\jdk1.8.0_201\jre\bin\sunmscapi.dll
0x00007ffd295e0000 - 0x00007ffd2973e000 	C:\WINDOWS\System32\CRYPT32.dll

VM Arguments:
jvm_args: -javaagent:D:\Java\IntelliJ\IntelliJ IDEA Community Edition 2021.3.3\lib\idea_rt.jar=60273:D:\Java\IntelliJ\IntelliJ IDEA Community Edition 2021.3.3\bin -Dfile.encoding=UTF-8 
java_command: com.recommend.demo.ProjectRecommendDemoApplication
java_class_path (initial): D:\Java\jdk1.8.0_201\jre\lib\charsets.jar;D:\Java\jdk1.8.0_201\jre\lib\deploy.jar;D:\Java\jdk1.8.0_201\jre\lib\ext\access-bridge-64.jar;D:\Java\jdk1.8.0_201\jre\lib\ext\cldrdata.jar;D:\Java\jdk1.8.0_201\jre\lib\ext\dnsns.jar;D:\Java\jdk1.8.0_201\jre\lib\ext\jaccess.jar;D:\Java\jdk1.8.0_201\jre\lib\ext\jfxrt.jar;D:\Java\jdk1.8.0_201\jre\lib\ext\localedata.jar;D:\Java\jdk1.8.0_201\jre\lib\ext\nashorn.jar;D:\Java\jdk1.8.0_201\jre\lib\ext\sunec.jar;D:\Java\jdk1.8.0_201\jre\lib\ext\sunjce_provider.jar;D:\Java\jdk1.8.0_201\jre\lib\ext\sunmscapi.jar;D:\Java\jdk1.8.0_201\jre\lib\ext\sunpkcs11.jar;D:\Java\jdk1.8.0_201\jre\lib\ext\zipfs.jar;D:\Java\jdk1.8.0_201\jre\lib\javaws.jar;D:\Java\jdk1.8.0_201\jre\lib\jce.jar;D:\Java\jdk1.8.0_201\jre\lib\jfr.jar;D:\Java\jdk1.8.0_201\jre\lib\jfxswt.jar;D:\Java\jdk1.8.0_201\jre\lib\jsse.jar;D:\Java\jdk1.8.0_201\jre\lib\management-agent.jar;D:\Java\jdk1.8.0_201\jre\lib\plugin.jar;D:\Java\jdk1.8.0_201\jre\lib\resources.jar;D:\Java\jdk1.8.0_201\jre\lib\rt.jar;C:\Users\09\Desktop\demo\target\classes;D:\scala\lib\scala-library.jar;D:\scala\lib\scala-parser-combinators_2.12-1.0.7.jar;D:\scala\lib\scala-reflect.jar;D:\scala\lib\scala-swing_2.12-2.0.3.jar;D:\scala\lib\scala-xml_2.12-2.1.0.jar;C:\Users\09\.m2\repository\org\springframework\boot\spring-boot-starter-web\2.7.5\spring-boot-starter-web-2.7.5.jar;C:\Users\09\.m2\repository\org\springframework\boot\spring-boot-starter\2.7.5\spring-boot-starter-2.7.5.jar;C:\Users\09\.m2\repository\org\springframework\boot\spring-boot-autoconfigure\2.7.5\spring-boot-autoconfigure-2.7.5.jar;C:\Users\09\.m2\repository\org\springframework\boot\spring-boot-starter-logging\2.7.5\spring-boot-starter-logging-2.7.5.jar;C:\Users\09\.m2\repository\ch\qos\logback\logback-classic\1.2.11\logback-classic-1.2.11.jar;C:\Users\09\.m2\repository\ch\qos\logback\logback-core\1.2.11\logback-core-1.2.11.jar;C:\Users\09\.m2\repository\org\apache\logging\log4j\log4j-to-slf4j\2.17.2\log4j-to-slf4j-2.1
Launcher Type: SUN_STANDARD

Environment Variables:
JAVA_HOME=D:\Java\jdk-17.0.5+8
CLASSPATH=.;%JAVA_HOME%\lib\dt.jar;%JAVA_HOME%\lib\tools.jar;D:\Java\work;
PATH=E:\CUDADevelopment\bin;E:\CUDADevelopment\libnvvp;F:\VMware\bin\;C:\Windows\system32;C:\Windows;C:\Windows\System32\Wbem;C:\Windows\System32\WindowsPowerShell\v1.0\;C:\Windows\System32\OpenSSH\;C:\Program Files (x86)\NVIDIA Corporation\PhysX\Common;C:\Program Files\NVIDIA Corporation\NVIDIA NvDLISR;C:\Users\09\Appdatas\Local\Programs\Python\Python39;D:\Python\Python39;D:\Python\python27;D:\anaconda3;D:\anaconda3\Scripts;D:\anaconda3\Library\bin;D:\anaconda3\Library\mingw-w64\bin;D:\;C:\Program Files\dotnet\;C:\Program Files\Microsoft SQL Server\130\Tools\Binn\;C:\Program Files\Microsoft SQL Server\Client SDK\ODBC\170\Tools\Binn\;C:\Program Files\Calibre2\;C:\WINDOWS\system32;C:\WINDOWS;C:\WINDOWS\System32\Wbem;C:\WINDOWS\System32\WindowsPowerShell\v1.0\;C:\WINDOWS\System32\OpenSSH\;"D:\Java\jdk-17.0.5+8\jre\bin;";D:\Java\jdk-17.0.5+8\bin;C:\Program Files\Common Files\Oracle\Java\javapath;D:\Android\Virtual;D:\CTEX\UserData\miktex\bin;D:\CTEX\MiKTeX\miktex\bin;D:\CTEX\CTeX;D:\CTEX\CTeX\Packages\ctex\bin;D:\CTEX\CTeX;D:\CTEX\CTeX\Packages\cct\bin;D:\CTEX\CTeX;D:\CTEX\CTeX\Packages\ty\bin;D:\CTEX\WinEdt;D:\Git\cmd;D:\gcc\bin;D:\nodejs\;C:\Program Files\NVIDIA Corporation\Nsight Compute 2021.1.0\;D:\jflex-1.9.1\bin;E:\微信web开发者工具\dll;E:\;D:\Python\huggingface\hub;D:\Xftp\;D:\scala\bin;D:\Python\Scripts\;D:\Python\;C:\Users\09\AppData\Local\Microsoft\WindowsApps;C:\Users\09\.dotnet\tools;D:\PyCharm Community Edition 2021.2.2\bin;;;D:\Java\IntelliJ\IntelliJ IDEA Community Edition 2021.3.3\bin;;D:\Microsoft VS Code\bin;C:\Users\09\AppData\Roaming\npm;D:\ghcup\bin
USERNAME=09
OS=Windows_NT
PROCESSOR_IDENTIFIER=Intel64 Family 6 Model 165 Stepping 2, GenuineIntel



---------------  S Y S T E M  ---------------

OS: Windows 10.0 , 64 bit Build 19041 (10.0.19041.3155)

CPU:total 8 (initial active 8) (4 cores per cpu, 2 threads per core) family 6 model 165 stepping 2, cmov, cx8, fxsr, mmx, sse, sse2, sse3, ssse3, sse4.1, sse4.2, popcnt, avx, avx2, aes, clmul, erms, 3dnowpref, lzcnt, ht, tsc, tscinvbit, bmi1, bmi2, adx

Memory: 4k page, physical 16682800k(1393320k free), swap 27168560k(3116k free)

vm_info: Java HotSpot(TM) 64-Bit Server VM (25.201-b09) for windows-amd64 JRE (1.8.0_201-b09), built on Dec 15 2018 18:36:39 by "java_re" with MS VC++ 10.0 (VS2010)

time: Tue Sep 05 02:05:15 2023
timezone: 中国标准时间
elapsed time: 3 seconds (0d 0h 0m 3s)

